Build started 10/17/2016 2:49:33 PM.
     1>Project "C:\Shift64\Shift64\SHIFT\3DImageStitcher\3DImageStitcher.vcxproj" on node 2 (Build target(s)).
     1>ClCompile:
         G:\Program Files (x86)\Microsoft Visual Studio 12.0\VC\bin\x86_amd64\CL.exe /c /IC:\Shift64\Shift64\SHIFT\3DImageStitcher\ITKIOFactoryRegistration /I"C:\Libs\ITK\Source\ITK4.10.0\InsightToolkit-4.10.0\Modules\Segmentation\Watersheds\include" /I"C:\Libs\ITK\Source\ITK4.10.0\InsightToolkit-4.10.0\Modules\Segmentation\Voronoi\include" /I"C:\Libs\ITK\Source\ITK4.10.0\InsightToolkit-4.10.0\Modules\Video\IO\include" /I"C:\Libs\ITK\Source\ITK4.10.0\InsightToolkit-4.10.0\Modules\Video\Filtering\include" /I"C:\Libs\ITK\Source\ITK4.10.0\InsightToolkit-4.10.0\Modules\Video\Core\include" /I"C:\Libs\ITK\Source\ITK4.10.0\InsightToolkit-4.10.0\Modules\Bridge\VTK\include" /I"C:\Libs\ITK\Source\ITK4.10.0\InsightToolkit-4.10.0\Modules\Core\TestKernel\include" /I"C:\Libs\ITK\Source\ITK4.10.0\InsightToolkit-4.10.0\Modules\Filtering\SpatialFunction\include" /I"C:\Libs\ITK\Source\ITK4.10.0\InsightToolkit-4.10.0\Modules\Registration\RegistrationMethodsv4\include" /I"C:\Libs\ITK\Source\ITK4.10.0\InsightToolkit-4.10.0\Modules\Segmentation\RegionGrowing\include" /I"C:\Libs\ITK\Source\ITK4.10.0\InsightToolkit-4.10.0\Modules\Filtering\QuadEdgeMeshFiltering\include" /I"C:\Libs\ITK\Source\ITK4.10.0\InsightToolkit-4.10.0\Modules\Numerics\NeuralNetworks\include" /I"C:\Libs\ITK\Source\ITK4.10.0\InsightToolkit-4.10.0\Modules\Registration\Metricsv4\include" /I"C:\Libs\ITK\Source\ITK4.10.0\InsightToolkit-4.10.0\Modules\Numerics\Optimizersv4\include" /I"C:\Libs\ITK\Source\ITK4.10.0\InsightToolkit-4.10.0\Modules\Segmentation\MarkovRandomFieldsClassifiers\include" /I"C:\Libs\ITK\Source\ITK4.10.0\InsightToolkit-4.10.0\Modules\Segmentation\LevelSetsv4\include" /I"C:\Libs\ITK\Source\ITK4.10.0\InsightToolkit-4.10.0\Modules\Segmentation\LabelVoting\include" /I"C:\Libs\ITK\Source\ITK4.10.0\InsightToolkit-4.10.0\Modules\Segmentation\KLMRegionGrowing\include" /I"C:\Libs\ITK\Source\ITK4.10.0\InsightToolkit-4.10.0\Modules\Filtering\ImageNoise\include" /I"C:\Libs\ITK\Source\ITK4.10.0\InsightToolkit-4.10.0\Modules\Filtering\ImageFusion\include" /I"C:\Libs\ITK\Source\ITK4.10.0\InsightToolkit-4.10.0\Modules\IO\VTK\include" /I"C:\Libs\ITK\Source\ITK4.10.0\InsightToolkit-4.10.0\Modules\IO\TransformMatlab\include" /I"C:\Libs\ITK\Source\ITK4.10.0\InsightToolkit-4.10.0\Modules\IO\TransformInsightLegacy\include" /I"C:\Libs\ITK\Source\ITK4.10.0\InsightToolkit-4.10.0\Modules\IO\TransformHDF5\include" /I"C:\Libs\ITK\Source\ITK4.10.0\InsightToolkit-4.10.0\Modules\IO\TransformBase\include" /I"C:\Libs\ITK\Source\ITK4.10.0\InsightToolkit-4.10.0\Modules\IO\Stimulate\include" /I"C:\Libs\ITK\Source\ITK4.10.0\InsightToolkit-4.10.0\Modules\IO\Siemens\include" /I"C:\Libs\ITK\Source\ITK4.10.0\InsightToolkit-4.10.0\Modules\IO\RAW\include" /I"C:\Libs\ITK\Source\ITK4.10.0\InsightToolkit-4.10.0\Modules\IO\PNG\include" /I"C:\Libs\ITK\Source\ITK4.10.0\InsightToolkit-4.10.0\Modules\ThirdParty\PNG\src" /IC:\Libs\ITK\Bin\ITK4.10.0\ITK410_64_13\Modules\ThirdParty\PNG\src /I"C:\Libs\ITK\Source\ITK4.10.0\InsightToolkit-4.10.0\Modules\IO\NRRD\include" /I"C:\Libs\ITK\Source\ITK4.10.0\InsightToolkit-4.10.0\Modules\ThirdParty\NrrdIO\src\NrrdIO" /IC:\Libs\ITK\Bin\ITK4.10.0\ITK410_64_13\Modules\ThirdParty\NrrdIO\src\NrrdIO /I"C:\Libs\ITK\Source\ITK4.10.0\InsightToolkit-4.10.0\Modules\IO\NIFTI\include" /I"C:\Libs\ITK\Source\ITK4.10.0\InsightToolkit-4.10.0\Modules\IO\Meta\include" /I"C:\Libs\ITK\Source\ITK4.10.0\InsightToolkit-4.10.0\Modules\IO\Mesh\include" /I"C:\Libs\ITK\Source\ITK4.10.0\InsightToolkit-4.10.0\Modules\IO\MRC\include" /I"C:\Libs\ITK\Source\ITK4.10.0\InsightToolkit-4.10.0\Modules\IO\LSM\include" /I"C:\Libs\ITK\Source\ITK4.10.0\InsightToolkit-4.10.0\Modules\IO\TIFF\include" /I"C:\Libs\ITK\Source\ITK4.10.0\InsightToolkit-4.10.0\Modules\ThirdParty\TIFF\src" /IC:\Libs\ITK\Bin\ITK4.10.0\ITK410_64_13\Modules\ThirdParty\TIFF\src\itktiff /IC:\Libs\ITK\Bin\ITK4.10.0\ITK410_64_13\Modules\ThirdParty\TIFF\src /I"C:\Libs\ITK\Source\ITK4.10.0\InsightToolkit-4.10.0\Modules\IO\JPEG\include" /I"C:\Libs\ITK\Source\ITK4.10.0\InsightToolkit-4.10.0\Modules\ThirdParty\JPEG\src" /IC:\Libs\ITK\Bin\ITK4.10.0\ITK410_64_13\Modules\ThirdParty\JPEG\src /I"C:\Libs\ITK\Source\ITK4.10.0\InsightToolkit-4.10.0\Modules\IO\HDF5\include" /I"C:\Libs\ITK\Source\ITK4.10.0\InsightToolkit-4.10.0\Modules\IO\GIPL\include" /I"C:\Libs\ITK\Source\ITK4.10.0\InsightToolkit-4.10.0\Modules\IO\GE\include" /I"C:\Libs\ITK\Source\ITK4.10.0\InsightToolkit-4.10.0\Modules\IO\IPL\include" /I"C:\Libs\ITK\Source\ITK4.10.0\InsightToolkit-4.10.0\Modules\IO\GDCM\include" /I"C:\Libs\ITK\Source\ITK4.10.0\InsightToolkit-4.10.0\Modules\IO\CSV\include" /I"C:\Libs\ITK\Source\ITK4.10.0\InsightToolkit-4.10.0\Modules\IO\BioRad\include" /I"C:\Libs\ITK\Source\ITK4.10.0\InsightToolkit-4.10.0\Modules\IO\BMP\include" /IC:\Libs\ITK\Bin\ITK4.10.0\ITK410_64_13\Modules\ThirdParty\HDF5\src /I"C:\Libs\ITK\Source\ITK4.10.0\InsightToolkit-4.10.0\Modules\ThirdParty\HDF5\src" /I"C:\Libs\ITK\Source\ITK4.10.0\InsightToolkit-4.10.0\Modules\Filtering\GPUThresholding\include" /I"C:\Libs\ITK\Source\ITK4.10.0\InsightToolkit-4.10.0\Modules\Filtering\GPUSmoothing\include" /I"C:\Libs\ITK\Source\ITK4.10.0\InsightToolkit-4.10.0\Modules\Registration\GPUPDEDeformable\include" /I"C:\Libs\ITK\Source\ITK4.10.0\InsightToolkit-4.10.0\Modules\Registration\GPUCommon\include" /I"C:\Libs\ITK\Source\ITK4.10.0\InsightToolkit-4.10.0\Modules\Filtering\GPUImageFilterBase\include" /I"C:\Libs\ITK\Source\ITK4.10.0\InsightToolkit-4.10.0\Modules\Filtering\GPUAnisotropicSmoothing\include" /I"C:\Libs\ITK\Source\ITK4.10.0\InsightToolkit-4.10.0\Modules\Core\GPUFiniteDifference\include" /I"C:\Libs\ITK\Source\ITK4.10.0\InsightToolkit-4.10.0\Modules\Core\GPUCommon\include" /I"C:\Libs\ITK\Source\ITK4.10.0\InsightToolkit-4.10.0\Modules\ThirdParty\GIFTI\src\gifticlib" /I"C:\Libs\ITK\Source\ITK4.10.0\InsightToolkit-4.10.0\Modules\ThirdParty\NIFTI\src\nifti\znzlib" /I"C:\Libs\ITK\Source\ITK4.10.0\InsightToolkit-4.10.0\Modules\ThirdParty\NIFTI\src\nifti\niftilib" /I"C:\Libs\ITK\Source\ITK4.10.0\InsightToolkit-4.10.0\Modules\ThirdParty\GDCM\src\gdcm\Source\DataStructureAndEncodingDefinition" /I"C:\Libs\ITK\Source\ITK4.10.0\InsightToolkit-4.10.0\Modules\ThirdParty\GDCM\src\gdcm\Source\MessageExchangeDefinition" /I"C:\Libs\ITK\Source\ITK4.10.0\InsightToolkit-4.10.0\Modules\ThirdParty\GDCM\src\gdcm\Source\InformationObjectDefinition" /I"C:\Libs\ITK\Source\ITK4.10.0\InsightToolkit-4.10.0\Modules\ThirdParty\GDCM\src\gdcm\Source\Common" /I"C:\Libs\ITK\Source\ITK4.10.0\InsightToolkit-4.10.0\Modules\ThirdParty\GDCM\src\gdcm\Source\DataDictionary" /I"C:\Libs\ITK\Source\ITK4.10.0\InsightToolkit-4.10.0\Modules\ThirdParty\GDCM\src\gdcm\Source\MediaStorageAndFileFormat" /IC:\Libs\ITK\Bin\ITK4.10.0\ITK410_64_13\Modules\ThirdParty\GDCM\src\gdcm\Source\Common /IC:\Libs\ITK\Bin\ITK4.10.0\ITK410_64_13\Modules\ThirdParty\GDCM /I"C:\Libs\ITK\Source\ITK4.10.0\InsightToolkit-4.10.0\Modules\Registration\FEM\include" /I"C:\Libs\ITK\Source\ITK4.10.0\InsightToolkit-4.10.0\Modules\Registration\PDEDeformable\include" /I"C:\Libs\ITK\Source\ITK4.10.0\InsightToolkit-4.10.0\Modules\Numerics\FEM\include" /I"C:\Libs\ITK\Source\ITK4.10.0\InsightToolkit-4.10.0\Modules\Registration\Common\include" /I"C:\Libs\ITK\Source\ITK4.10.0\InsightToolkit-4.10.0\Modules\IO\SpatialObjects\include" /I"C:\Libs\ITK\Source\ITK4.10.0\InsightToolkit-4.10.0\Modules\IO\XML\include" /I"C:\Libs\ITK\Source\ITK4.10.0\InsightToolkit-4.10.0\Modules\ThirdParty\Expat\src\expat" /IC:\Libs\ITK\Bin\ITK4.10.0\ITK410_64_13\Modules\ThirdParty\Expat\src\expat /I"C:\Libs\ITK\Source\ITK4.10.0\InsightToolkit-4.10.0\Modules\Numerics\Eigen\include" /I"C:\Libs\ITK\Source\ITK4.10.0\InsightToolkit-4.10.0\Modules\Filtering\DisplacementField\include" /I"C:\Libs\ITK\Source\ITK4.10.0\InsightToolkit-4.10.0\Modules\Filtering\DiffusionTensorImage\include" /I"C:\Libs\ITK\Source\ITK4.10.0\InsightToolkit-4.10.0\Modules\Filtering\Denoising\include" /I"C:\Libs\ITK\Source\ITK4.10.0\InsightToolkit-4.10.0\Modules\Segmentation\DeformableMesh\include" /I"C:\Libs\ITK\Source\ITK4.10.0\InsightToolkit-4.10.0\Modules\Filtering\Deconvolution\include" /I"C:\Libs\ITK\Source\ITK4.10.0\InsightToolkit-4.10.0\Modules\ThirdParty\DICOMParser\src\DICOMParser" /IC:\Libs\ITK\Bin\ITK4.10.0\ITK410_64_13\Modules\ThirdParty\DICOMParser\src\DICOMParser /I"C:\Libs\ITK\Source\ITK4.10.0\InsightToolkit-4.10.0\Modules\Filtering\Convolution\include" /I"C:\Libs\ITK\Source\ITK4.10.0\InsightToolkit-4.10.0\Modules\Filtering\FFT\include" /I"C:\Libs\ITK\Source\ITK4.10.0\InsightToolkit-4.10.0\Modules\Filtering\Colormap\include" /I"C:\Libs\ITK\Source\ITK4.10.0\InsightToolkit-4.10.0\Modules\Segmentation\Classifiers\include" /I"C:\Libs\ITK\Source\ITK4.10.0\InsightToolkit-4.10.0\Modules\Segmentation\BioCell\include" /I"C:\Libs\ITK\Source\ITK4.10.0\InsightToolkit-4.10.0\Modules\Filtering\BiasCorrection\include" /I"C:\Libs\ITK\Source\ITK4.10.0\InsightToolkit-4.10.0\Modules\Numerics\Polynomials\include" /I"C:\Libs\ITK\Source\ITK4.10.0\InsightToolkit-4.10.0\Modules\Filtering\AntiAlias\include" /I"C:\Libs\ITK\Source\ITK4.10.0\InsightToolkit-4.10.0\Modules\Segmentation\LevelSets\include" /I"C:\Libs\ITK\Source\ITK4.10.0\InsightToolkit-4.10.0\Modules\Segmentation\SignedDistanceFunction\include" /I"C:\Libs\ITK\Source\ITK4.10.0\InsightToolkit-4.10.0\Modules\Numerics\Optimizers\include" /I"C:\Libs\ITK\Source\ITK4.10.0\InsightToolkit-4.10.0\Modules\Filtering\ImageFeature\include" /I"C:\Libs\ITK\Source\ITK4.10.0\InsightToolkit-4.10.0\Modules\Filtering\ImageSources\include" /I"C:\Libs\ITK\Source\ITK4.10.0\InsightToolkit-4.10.0\Modules\Filtering\ImageGradient\include" /I"C:\Libs\ITK\Source\ITK4.10.0\InsightToolkit-4.10.0\Modules\Filtering\Smoothing\include" /I"C:\Libs\ITK\Source\ITK4.10.0\InsightToolkit-4.10.0\Modules\Filtering\ImageCompare\include" /I"C:\Libs\ITK\Source\ITK4.10.0\InsightToolkit-4.10.0\Modules\IO\ImageBase\include" /IC:\Libs\ITK\Bin\ITK4.10.0\ITK410_64_13\Modules\IO\ImageBase /I"C:\Libs\ITK\Source\ITK4.10.0\InsightToolkit-4.10.0\Modules\Filtering\FastMarching\include" /I"C:\Libs\ITK\Source\ITK4.10.0\InsightToolkit-4.10.0\Modules\Core\QuadEdgeMesh\include" /I"C:\Libs\ITK\Source\ITK4.10.0\InsightToolkit-4.10.0\Modules\Filtering\DistanceMap\include" /I"C:\Libs\ITK\Source\ITK4.10.0\InsightToolkit-4.10.0\Modules\Numerics\NarrowBand\include" /I"C:\Libs\ITK\Source\ITK4.10.0\InsightToolkit-4.10.0\Modules\Filtering\ImageLabel\include" /I"C:\Libs\ITK\Source\ITK4.10.0\InsightToolkit-4.10.0\Modules\Filtering\BinaryMathematicalMorphology\include" /I"C:\Libs\ITK\Source\ITK4.10.0\InsightToolkit-4.10.0\Modules\Filtering\MathematicalMorphology\include" /I"C:\Libs\ITK\Source\ITK4.10.0\InsightToolkit-4.10.0\Modules\Segmentation\ConnectedComponents\include" /I"C:\Libs\ITK\Source\ITK4.10.0\InsightToolkit-4.10.0\Modules\Filtering\Thresholding\include" /I"C:\Libs\ITK\Source\ITK4.10.0\InsightToolkit-4.10.0\Modules\Filtering\ImageIntensity\include" /I"C:\Libs\ITK\Source\ITK4.10.0\InsightToolkit-4.10.0\Modules\Filtering\Path\include" /I"C:\Libs\ITK\Source\ITK4.10.0\InsightToolkit-4.10.0\Modules\Filtering\ImageStatistics\include" /I"C:\Libs\ITK\Source\ITK4.10.0\InsightToolkit-4.10.0\Modules\Core\SpatialObjects\include" /I"C:\Libs\ITK\Source\ITK4.10.0\InsightToolkit-4.10.0\Modules\ThirdParty\MetaIO\src\MetaIO\src" /IC:\Libs\ITK\Bin\ITK4.10.0\ITK410_64_13\Modules\ThirdParty\MetaIO\src\MetaIO\src /I"C:\Libs\ITK\Source\ITK4.10.0\InsightToolkit-4.10.0\Modules\ThirdParty\ZLIB\src" /IC:\Libs\ITK\Bin\ITK4.10.0\ITK410_64_13\Modules\ThirdParty\ZLIB\src /I"C:\Libs\ITK\Source\ITK4.10.0\InsightToolkit-4.10.0\Modules\Core\Mesh\include" /I"C:\Libs\ITK\Source\ITK4.10.0\InsightToolkit-4.10.0\Modules\Filtering\ImageCompose\include" /I"C:\Libs\ITK\Source\ITK4.10.0\InsightToolkit-4.10.0\Modules\Filtering\LabelMap\include" /I"C:\Libs\ITK\Source\ITK4.10.0\InsightToolkit-4.10.0\Modules\Filtering\AnisotropicSmoothing\include" /I"C:\Libs\ITK\Source\ITK4.10.0\InsightToolkit-4.10.0\Modules\Filtering\ImageGrid\include" /I"C:\Libs\ITK\Source\ITK4.10.0\InsightToolkit-4.10.0\Modules\Core\ImageFunction\include" /I"C:\Libs\ITK\Source\ITK4.10.0\InsightToolkit-4.10.0\Modules\Core\Transform\include" /I"C:\Libs\ITK\Source\ITK4.10.0\InsightToolkit-4.10.0\Modules\Numerics\Statistics\include" /IC:\Libs\ITK\Bin\ITK4.10.0\ITK410_64_13\Modules\ThirdParty\Netlib /I"C:\Libs\ITK\Source\ITK4.10.0\InsightToolkit-4.10.0\Modules\Core\ImageAdaptors\include" /I"C:\Libs\ITK\Source\ITK4.10.0\InsightToolkit-4.10.0\Modules\Filtering\CurvatureFlow\include" /I"C:\Libs\ITK\Source\ITK4.10.0\InsightToolkit-4.10.0\Modules\Filtering\ImageFilterBase\include" /I"C:\Libs\ITK\Source\ITK4.10.0\InsightToolkit-4.10.0\Modules\Core\FiniteDifference\include" /I"C:\Libs\ITK\Source\ITK4.10.0\InsightToolkit-4.10.0\Modules\Core\Common\include" /IC:\Libs\ITK\Bin\ITK4.10.0\ITK410_64_13\Modules\Core\Common /I"C:\Libs\ITK\Source\ITK4.10.0\InsightToolkit-4.10.0\Modules\ThirdParty\VNLInstantiation\include" /IC:\Libs\ITK\Bin\ITK4.10.0\ITK410_64_13\Modules\ThirdParty\VNL\src\vxl\core /IC:\Libs\ITK\Bin\ITK4.10.0\ITK410_64_13\Modules\ThirdParty\VNL\src\vxl\vcl /IC:\Libs\ITK\Bin\ITK4.10.0\ITK410_64_13\Modules\ThirdParty\VNL\src\vxl\v3p\netlib /I"C:\Libs\ITK\Source\ITK4.10.0\InsightToolkit-4.10.0\Modules\ThirdParty\VNL\src\vxl\core" /I"C:\Libs\ITK\Source\ITK4.10.0\InsightToolkit-4.10.0\Modules\ThirdParty\VNL\src\vxl\vcl" /I"C:\Libs\ITK\Source\ITK4.10.0\InsightToolkit-4.10.0\Modules\ThirdParty\VNL\src\vxl\v3p\netlib" /IC:\Libs\ITK\Bin\ITK4.10.0\ITK410_64_13\Modules\ThirdParty\KWSys\src /I"C:\Libs\ITK\Source\ITK4.10.0\InsightToolkit-4.10.0\Modules\ThirdParty\KWIML\src" /IC:\Libs\ITK\Bin\ITK4.10.0\ITK410_64_13\Modules\ThirdParty\KWIML\src /I"C:\Libs\ITK\Bin\ITK4.10.0\ITK410_64_13\Modules\ThirdParty\DoubleConversion\src\double-conversion" /I"C:\Libs\ITK\Source\ITK4.10.0\InsightToolkit-4.10.0\Modules\ThirdParty\DoubleConversion\src\double-conversion" /I"C:\Libs\ITK\Source\ITK4.10.0\InsightToolkit-4.10.0\Modules\ThirdParty\VNL\src\vxl\core\vnl\algo" /I"C:\Libs\ITK\Source\ITK4.10.0\InsightToolkit-4.10.0\Modules\ThirdParty\VNL\src\vxl\core\vnl" /Zi /nologo /W3 /WX- /Od /Ob0 /D WIN32 /D _WINDOWS /D _DEBUG /D ITK_IO_FACTORY_REGISTER_MANAGER /D "CMAKE_INTDIR=\"Debug\"" /D _MBCS /Gm- /EHsc /RTC1 /MDd /GS /fp:precise /Zc:wchar_t /Zc:forScope /GR /Fo"3DImageStitcher.dir\Debug\\" /Fd"3DImageStitcher.dir\Debug\vc120.pdb" /Gd /TP /errorReport:prompt  /bigobj C:\Shift64\Shift64\SHIFT\3DImageStitcher\3DImageStitcher.cpp
         3DImageStitcher.cpp
     1>C:\Shift64\Shift64\SHIFT\3DImageStitcher\3DImageStitcher.cpp(153): warning C4101: 'value' : unreferenced local variable
     1>G:\Program Files (x86)\Microsoft Visual Studio 12.0\VC\include\xutility(2132): warning C4996: 'std::_Copy_impl': Function call with parameters that may be unsafe - this call relies on the caller to check that the passed values are correct. To disable this warning, use -D_SCL_SECURE_NO_WARNINGS. See documentation on how to use Visual C++ 'Checked Iterators'
                 G:\Program Files (x86)\Microsoft Visual Studio 12.0\VC\include\xutility(2113) : see declaration of 'std::_Copy_impl'
                 c:\libs\itk\source\itk4.10.0\insighttoolkit-4.10.0\modules\core\transform\include\itkTransform.hxx(529) : see reference to function template instantiation '_OutIt std::copy<const double*,T*>(_InIt,_InIt,_OutIt)' being compiled
                 with
                 [
                     _OutIt=double *
         ,            T=double
         ,            _InIt=const double *
                 ]
                 c:\libs\itk\source\itk4.10.0\insighttoolkit-4.10.0\modules\core\transform\include\itkTransform.hxx(524) : while compiling class template member function 'void itk::Transform<TParametersValueType,3,3>::CopyInParameters(const double *const ,const double *const )'
                 with
                 [
                     TParametersValueType=double
                 ]
                 c:\libs\itk\source\itk4.10.0\insighttoolkit-4.10.0\modules\core\transform\include\itkMatrixOffsetTransformBase.h(101) : see reference to class template instantiation 'itk::Transform<TParametersValueType,3,3>' being compiled
                 with
                 [
                     TParametersValueType=double
                 ]
                 c:\libs\itk\source\itk4.10.0\insighttoolkit-4.10.0\modules\core\transform\include\itkRigid3DTransform.h(59) : see reference to class template instantiation 'itk::MatrixOffsetTransformBase<TParametersValueType,3,3>' being compiled
                 with
                 [
                     TParametersValueType=double
                 ]
                 c:\libs\itk\source\itk4.10.0\insighttoolkit-4.10.0\modules\core\transform\include\itkVersorTransform.h(48) : see reference to class template instantiation 'itk::Rigid3DTransform<TParametersValueType>' being compiled
                 with
                 [
                     TParametersValueType=double
                 ]
                 c:\libs\itk\source\itk4.10.0\insighttoolkit-4.10.0\modules\core\transform\include\itkVersorRigid3DTransform.h(48) : see reference to class template instantiation 'itk::VersorTransform<TParametersValueType>' being compiled
                 with
                 [
                     TParametersValueType=double
                 ]
                 c:\shift64\shift64\shift\3dimagestitcher\3DImageStitcher.h(41) : see reference to class template instantiation 'itk::VersorRigid3DTransform<double>' being compiled
                 G:\Program Files (x86)\Microsoft Visual Studio 12.0\VC\include\xutility(2113) : see declaration of 'std::_Copy_impl'
                 G:\Program Files (x86)\Microsoft Visual Studio 12.0\VC\include\xutility(2113) : see declaration of 'std::_Copy_impl'
                 G:\Program Files (x86)\Microsoft Visual Studio 12.0\VC\include\xutility(2113) : see declaration of 'std::_Copy_impl'
                 G:\Program Files (x86)\Microsoft Visual Studio 12.0\VC\include\xutility(2113) : see declaration of 'std::_Copy_impl'
     1>G:\Program Files (x86)\Microsoft Visual Studio 12.0\VC\include\xutility(2715): warning C4996: 'std::_Fill_n': Function call with parameters that may be unsafe - this call relies on the caller to check that the passed values are correct. To disable this warning, use -D_SCL_SECURE_NO_WARNINGS. See documentation on how to use Visual C++ 'Checked Iterators'
                 G:\Program Files (x86)\Microsoft Visual Studio 12.0\VC\include\xutility(2701) : see declaration of 'std::_Fill_n'
                 c:\libs\itk\source\itk4.10.0\insighttoolkit-4.10.0\modules\core\common\include\itkImage.hxx(88) : see reference to function template instantiation '_OutIt std::fill_n<TElement*,unsigned __int64,TPixel>(_OutIt,_Diff,const _Ty &)' being compiled
                 with
                 [
                     _OutIt=itk::Vector<double,3> *
         ,            TElement=itk::Vector<double,3>
         ,            TPixel=itk::Vector<double,3>
         ,            _Diff=unsigned __int64
         ,            _Ty=itk::Vector<double,3>
                 ]
                 c:\libs\itk\source\itk4.10.0\insighttoolkit-4.10.0\modules\core\common\include\itkImage.hxx(84) : while compiling class template member function 'void itk::Image<itk::Vector<double,3>,3>::FillBuffer(const TPixel &)'
                 with
                 [
                     TPixel=itk::Vector<double,3>
                 ]
                 c:\libs\itk\source\itk4.10.0\insighttoolkit-4.10.0\modules\filtering\displacementfield\include\itkDisplacementFieldTransform.hxx(600) : see reference to function template instantiation 'void itk::Image<itk::Vector<double,3>,3>::FillBuffer(const TPixel &)' being compiled
                 with
                 [
                     TPixel=itk::Vector<double,3>
                 ]
                 c:\libs\itk\source\itk4.10.0\insighttoolkit-4.10.0\modules\filtering\displacementfield\include\itkDisplacementFieldTransform.hxx(546) : while compiling class template member function 'void itk::DisplacementFieldTransform<double,3>::SetFixedParameters(const itk::DisplacementFieldTransform<double,3>::FixedParametersType &)'
                 c:\libs\itk\source\itk4.10.0\insighttoolkit-4.10.0\modules\numerics\optimizersv4\include\itkObjectToObjectMetric.hxx(473) : see reference to class template instantiation 'itk::DisplacementFieldTransform<double,3>' being compiled
                 c:\libs\itk\source\itk4.10.0\insighttoolkit-4.10.0\modules\numerics\optimizersv4\include\itkObjectToObjectMetric.hxx(455) : while compiling class template member function 'void itk::ObjectToObjectMetric<3,3,TVirtualImage,TInternalComputationValueType>::VerifyDisplacementFieldSizeAndPhysicalSpace(void)'
                 with
                 [
                     TVirtualImage=FloatImageType
         ,            TInternalComputationValueType=double
                 ]
                 c:\libs\itk\source\itk4.10.0\insighttoolkit-4.10.0\modules\numerics\optimizersv4\include\itkObjectToObjectMetric.hxx(84) : see reference to function template instantiation 'void itk::ObjectToObjectMetric<3,3,TVirtualImage,TInternalComputationValueType>::VerifyDisplacementFieldSizeAndPhysicalSpace(void)' being compiled
                 with
                 [
                     TVirtualImage=FloatImageType
         ,            TInternalComputationValueType=double
                 ]
                 c:\libs\itk\source\itk4.10.0\insighttoolkit-4.10.0\modules\registration\metricsv4\include\itkImageToImageMetricv4.h(173) : see reference to class template instantiation 'itk::ObjectToObjectMetric<3,3,TVirtualImage,TInternalComputationValueType>' being compiled
                 with
                 [
                     TVirtualImage=FloatImageType
         ,            TInternalComputationValueType=double
                 ]
                 G:\Program Files (x86)\Microsoft Visual Studio 12.0\VC\include\xutility(2113) : see declaration of 'std::_Copy_impl'
     1>G:\Program Files (x86)\Microsoft Visual Studio 12.0\VC\include\algorithm(1026): warning C4996: 'std::_Transform1': Function call with parameters that may be unsafe - this call relies on the caller to check that the passed values are correct. To disable this warning, use -D_SCL_SECURE_NO_WARNINGS. See documentation on how to use Visual C++ 'Checked Iterators'
                 G:\Program Files (x86)\Microsoft Visual Studio 12.0\VC\include\algorithm(1007) : see declaration of 'std::_Transform1'
                 c:\libs\itk\source\itk4.10.0\insighttoolkit-4.10.0\modules\core\common\include\itkImageAlgorithm.h(213) : see reference to function template instantiation '_OutIt std::transform<const TInputType*,TOutputType*,itk::ImageAlgorithm::StaticCast<TInputType,TOutputType>>(_InIt,_InIt,_OutIt,_Fn1)' being compiled
                 with
                 [
                     _OutIt=float *
         ,            TInputType=unsigned char
         ,            TOutputType=float
         ,            _InIt=const unsigned char *
         ,            _Fn1=itk::ImageAlgorithm::StaticCast<unsigned char,float>
                 ]
                 c:\libs\itk\source\itk4.10.0\insighttoolkit-4.10.0\modules\core\common\include\itkImageAlgorithm.hxx(136) : see reference to function template instantiation 'TOutputType *itk::ImageAlgorithm::CopyHelper<unsigned char,float>(const TInputType *,const TInputType *,TOutputType *)' being compiled
                 with
                 [
                     TOutputType=float
         ,            TInputType=unsigned char
                 ]
                 c:\libs\itk\source\itk4.10.0\insighttoolkit-4.10.0\modules\core\common\include\itkImageAlgorithm.h(112) : see reference to function template instantiation 'void itk::ImageAlgorithm::DispatchedCopy<itk::Image<unsigned char,3>,itk::Image<float,3>>(const InputImageType *,OutputImageType *,const itk::ImageRegion<3> &,const itk::ImageRegion<3> &,itk::ImageAlgorithm::TrueType)' being compiled
                 with
                 [
                     InputImageType=itk::Image<unsigned char,3>
         ,            OutputImageType=itk::Image<float,3>
                 ]
                 c:\libs\itk\source\itk4.10.0\insighttoolkit-4.10.0\modules\filtering\imagefilterbase\include\itkCastImageFilter.hxx(73) : see reference to function template instantiation 'void itk::ImageAlgorithm::Copy<unsigned char,float,3>(const itk::Image<unsigned char,3> *,itk::Image<float,3> *,const itk::ImageRegion<3> &,const itk::ImageRegion<3> &)' being compiled
                 c:\libs\itk\source\itk4.10.0\insighttoolkit-4.10.0\modules\filtering\imagefilterbase\include\itkCastImageFilter.hxx(59) : while compiling class template member function 'void itk::CastImageFilter<CharImageType,FloatImageType>::ThreadedGenerateData(const itk::ImageRegion<3> &,itk::ThreadIdType)'
                 c:\shift64\shift64\shift\3dimagestitcher\3DImageStitcher.h(85) : see reference to class template instantiation 'itk::CastImageFilter<CharImageType,FloatImageType>' being compiled
                 G:\Program Files (x86)\Microsoft Visual Studio 12.0\VC\include\xutility(2113) : see declaration of 'std::_Copy_impl'
                 G:\Program Files (x86)\Microsoft Visual Studio 12.0\VC\include\xutility(2701) : see declaration of 'std::_Fill_n'
                 G:\Program Files (x86)\Microsoft Visual Studio 12.0\VC\include\xutility(2113) : see declaration of 'std::_Copy_impl'
                 G:\Program Files (x86)\Microsoft Visual Studio 12.0\VC\include\xutility(2701) : see declaration of 'std::_Fill_n'
                 G:\Program Files (x86)\Microsoft Visual Studio 12.0\VC\include\xutility(2701) : see declaration of 'std::_Fill_n'
                 G:\Program Files (x86)\Microsoft Visual Studio 12.0\VC\include\algorithm(1007) : see declaration of 'std::_Transform1'
                 G:\Program Files (x86)\Microsoft Visual Studio 12.0\VC\include\xutility(2113) : see declaration of 'std::_Copy_impl'
                 G:\Program Files (x86)\Microsoft Visual Studio 12.0\VC\include\xutility(2113) : see declaration of 'std::_Copy_impl'
       Lib:
         G:\Program Files (x86)\Microsoft Visual Studio 12.0\VC\bin\x86_amd64\Lib.exe /OUT:"C:\Shift64\Shift64\SHIFT\3DImageStitcher\Debug\3DImageStitcher.lib" /NOLOGO /MACHINE:X64 3DImageStitcher.dir\Debug\3DImageStitcher.obj
         3DImageStitcher.vcxproj -> C:\Shift64\Shift64\SHIFT\3DImageStitcher\Debug\3DImageStitcher.lib
     1>Done Building Project "C:\Shift64\Shift64\SHIFT\3DImageStitcher\3DImageStitcher.vcxproj" (Build target(s)).

Build succeeded.

Time Elapsed 00:00:06.55
