Build started 10/19/2016 2:58:59 PM.
     1>Project "C:\Shift64\Shift64\SHIFT\SHIFT-64\SHIFT-64.vcxproj" on node 2 (Build target(s)).
     1>Link:
         G:\Program Files (x86)\Microsoft Visual Studio 12.0\VC\bin\x86_amd64\link.exe /ERRORREPORT:PROMPT /OUT:"C:\Shift64\Shift64\SHIFT\x64\Release\SHIFT64.exe" /INCREMENTAL:NO /NOLOGO /LIBPATH:C:\Libs\VTK\Bin\VTK5.10.1\VTK5101_64_13\bin\Release /LIBPATH:C:\Libs\VTK\Bin\VTK5.10.1\VTK5101_64_08\bin\Release /LIBPATH:C:\Shift64\Shift64\SHIFT\3DImageStitcher\Release /LIBPATH:C:\Libs\GDCM\GDCM_bin_64\bin\Release /LIBPATH:C:\Libs\ITK\Bin\ITK4.10.0\ITK410_64_13\bin\Release /LIBPATH:C:\Libs\ITK\Bin\ITK4.10.0\ITK410_64_13\lib\Release 3DImageStitcher.lib kernel32.lib user32.lib gdi32.lib winspool.lib shell32.lib ole32.lib oleaut32.lib uuid.lib comdlg32.lib advapi32.lib opengl32.lib glu32.lib Winmm.lib msimg32.lib vtkmetaio.lib vtkCommon.lib vtkIO.lib vtkDICOMParser.lib vtkImaging.lib vtkfreetype.lib vtkFiltering.lib vtkHybrid.lib vtkWidgets.lib vtkVolumeRendering.lib vtksys.lib vtkGraphics.lib vtkRendering.lib vtkjpeg.lib vtktiff.lib vtkpng.lib vtkzlib.lib vtkexpat.lib vtkftgl.lib gdcmexpat.lib gdcmcharls.lib gdcmMSFF.lib gdcmjpeg8.lib gdcmjpeg12.lib gdcmjpeg16.lib gdcmgetopt.lib gdcmIOD.lib gdcmMEXD.lib gdcmDICT.lib gdcmDSED.lib gdcmopenjpeg.lib gdcmzlib.lib socketxx.lib vtkgdcm.lib gdcmCommon.lib wsock32.lib Msimg32.lib Rpcrt4.lib "ITKBiasCorrection-4.10.lib" "ITKBioCell-4.10.lib" "ITKCommon-4.10.lib" "ITKDICOMParser-4.10.lib" "itkdouble-conversion-4.10.lib" "ITKEXPAT-4.10.lib" "ITKFEM-4.10.lib" "itkgdcmcharls-4.10.lib" "itkgdcmCommon-4.10.lib" "itkgdcmDICT-4.10.lib" "itkgdcmDSED-4.10.lib" "itkgdcmIOD-4.10.lib" "itkgdcmjpeg12-4.10.lib" "itkgdcmjpeg16-4.10.lib" "itkgdcmjpeg8-4.10.lib" "itkgdcmMEXD-4.10.lib" "itkgdcmMSFF-4.10.lib" "itkgdcmopenjpeg-4.10.lib" "itkgdcmsocketxx-4.10.lib" "ITKgiftiio-4.10.lib" "itkhdf5-4.10.lib" "itkhdf5_cpp-4.10.lib" "ITKIOBioRad-4.10.lib" "ITKIOBMP-4.10.lib" "ITKIOCSV-4.10.lib" "ITKIOGDCM-4.10.lib" "ITKIOGE-4.10.lib" "ITKIOGIPL-4.10.lib" "ITKIOHDF5-4.10.lib" "ITKIOImageBase-4.10.lib" "ITKIOIPL-4.10.lib" "ITKIOJPEG-4.10.lib" "ITKIOLSM-4.10.lib" "ITKIOMesh-4.10.lib" "ITKIOMeta-4.10.lib" "ITKIOMRC-4.10.lib" "ITKIONIFTI-4.10.lib" "ITKIONRRD-4.10.lib" "ITKIOPNG-4.10.lib" "ITKIOSiemens-4.10.lib" "ITKIOSpatialObjects-4.10.lib" "ITKIOStimulate-4.10.lib" "ITKIOTIFF-4.10.lib" "ITKIOTransformBase-4.10.lib" "ITKIOTransformHDF5-4.10.lib" "ITKIOTransformInsightLegacy-4.10.lib" "ITKIOTransformMatlab-4.10.lib" "ITKIOVTK-4.10.lib" "ITKIOXML-4.10.lib" "itkjpeg-4.10.lib" "ITKKLMRegionGrowing-4.10.lib" "ITKLabelMap-4.10.lib" "ITKMesh-4.10.lib" "ITKMetaIO-4.10.lib" "itknetlib-4.10.lib" "itkNetlibSlatec-4.10.lib" "ITKniftiio-4.10.lib" "ITKNrrdIO-4.10.lib" "ITKOptimizers-4.10.lib" "ITKOptimizersv4-4.10.lib" "ITKPath-4.10.lib" "itkpng-4.10.lib" "ITKPolynomials-4.10.lib" "ITKQuadEdgeMesh-4.10.lib" "ITKSpatialObjects-4.10.lib" "ITKStatistics-4.10.lib" "itksys-4.10.lib" "itktestlib-4.10.lib" "itktiff-4.10.lib" "ITKTransform-4.10.lib" "itkv3p_netlib-4.10.lib" "itkvcl-4.10.lib" "ITKVideoCore-4.10.lib" "ITKVideoIO-4.10.lib" "itkvnl-4.10.lib" "ITKVNLInstantiation-4.10.lib" "itkvnl_algo-4.10.lib" "ITKVTK-4.10.lib" "ITKWatersheds-4.10.lib" "itkzlib-4.10.lib" "ITKznz-4.10.lib" kernel32.lib user32.lib gdi32.lib winspool.lib comdlg32.lib advapi32.lib shell32.lib ole32.lib oleaut32.lib uuid.lib odbc32.lib odbccp32.lib /ASSEMBLYRESOURCE:x64\Release\SHIFT64.AndrewControls.resources /ASSEMBLYRESOURCE:x64\Release\SHIFT64.MainForm.resources /ASSEMBLYRESOURCE:x64\Release\SHIFT64.SlicerForm.resources /MANIFEST /MANIFESTUAC:"level='asInvoker' uiAccess='false'" /manifest:embed /DEBUG /PDB:"C:\Shift64\Shift64\SHIFT\x64\Release\SHIFT64.pdb" /SUBSYSTEM:WINDOWS /TLBID:1 /ENTRY:"Main" /DYNAMICBASE /FIXED:NO /NXCOMPAT /MACHINE:X64 x64\Release\doubledouble.obj
         x64\Release\Fixed.obj
         x64\Release\geometry.obj
         x64\Release\LISBufferCompress.obj
         x64\Release\LISCrc32.obj
         x64\Release\math.obj
         x64\Release\Measure.obj
         x64\Release\model.obj
         x64\Release\Observable.obj
         x64\Release\Observer.obj
         x64\Release\RRIEvent.obj
         x64\Release\RRIObservable.obj
         x64\Release\RRIObserver.obj
         x64\Release\RRI_Graphics.obj
         x64\Release\RRI_SlicerInterface.obj
         x64\Release\texture.obj
         x64\Release\TextureColour24.obj
         x64\Release\Texture_MIP.obj
         x64\Release\Visualizer.obj
         x64\Release\VolumeClass.obj
         x64\Release\Voxel.obj
         x64\Release\Voxel16.obj
         x64\Release\Voxel24.obj
         x64\Release\VoxelAXIAL.obj
         x64\Release\VoxelAXIAL24.obj
         x64\Release\VoxelFAN.obj
         x64\Release\VoxelFAN24.obj
         x64\Release\VoxelHybrid.obj
         x64\Release\VoxelHybrid24.obj
         x64\Release\AndrewControls.obj
         x64\Release\MainForm.obj
         x64\Release\SlicerForm.obj
         "x64\Release\.NETFramework,Version=v4.5.AssemblyAttributes.obj"
         ..\..\RRI_Libs\RRI_Slicer\zlib.lib
         ..\..\RRI_Libs\RRI_Slicer\zlib_debug.lib
         ..\..\RRI_Libs\RRI_Slicer\zlib_release.lib
         C:\Shift64\Shift64\SHIFT\3DImageStitcher\Release\3DImageStitcher.lib
     1>RRI_SlicerInterface.obj : warning LNK4248: unresolved typeref token (01000016) for 'vtkSource'; image may not run
         SHIFT-64.vcxproj -> C:\Shift64\Shift64\SHIFT\x64\Release\SHIFT64.exe
     1>Done Building Project "C:\Shift64\Shift64\SHIFT\SHIFT-64\SHIFT-64.vcxproj" (Build target(s)).

Build succeeded.

Time Elapsed 00:00:03.99
