e:\1-projects_2013\0-shift workstation projects\shift-64\shift\shift-64\x64\release\vc120.pdb
e:\1-projects_2013\0-shift workstation projects\shift-64\shift\shift-64\x64\release\volumeclass.obj
e:\1-projects_2013\0-shift workstation projects\shift-64\shift\shift-64\x64\release\visualizer.obj
e:\1-projects_2013\0-shift workstation projects\shift-64\shift\shift-64\x64\release\texture_mip.obj
e:\1-projects_2013\0-shift workstation projects\shift-64\shift\shift-64\x64\release\texturecolour24.obj
e:\1-projects_2013\0-shift workstation projects\shift-64\shift\shift-64\x64\release\texture.obj
e:\1-projects_2013\0-shift workstation projects\shift-64\shift\shift-64\x64\release\rri_slicerinterface.obj
e:\1-projects_2013\0-shift workstation projects\shift-64\shift\shift-64\x64\release\rri_graphics.obj
e:\1-projects_2013\0-shift workstation projects\shift-64\shift\shift-64\x64\release\rriobserver.obj
e:\1-projects_2013\0-shift workstation projects\shift-64\shift\shift-64\x64\release\rriobservable.obj
e:\1-projects_2013\0-shift workstation projects\shift-64\shift\shift-64\x64\release\rrievent.obj
e:\1-projects_2013\0-shift workstation projects\shift-64\shift\shift-64\x64\release\observer.obj
e:\1-projects_2013\0-shift workstation projects\shift-64\shift\shift-64\x64\release\observable.obj
e:\1-projects_2013\0-shift workstation projects\shift-64\shift\shift-64\x64\release\model.obj
e:\1-projects_2013\0-shift workstation projects\shift-64\shift\shift-64\x64\release\measure.obj
e:\1-projects_2013\0-shift workstation projects\shift-64\shift\shift-64\x64\release\math.obj
e:\1-projects_2013\0-shift workstation projects\shift-64\shift\shift-64\x64\release\liscrc32.obj
e:\1-projects_2013\0-shift workstation projects\shift-64\shift\shift-64\x64\release\lisbuffercompress.obj
e:\1-projects_2013\0-shift workstation projects\shift-64\shift\shift-64\x64\release\geometry.obj
e:\1-projects_2013\0-shift workstation projects\shift-64\shift\shift-64\x64\release\fixed.obj
e:\1-projects_2013\0-shift workstation projects\shift-64\shift\shift-64\x64\release\doubledouble.obj
e:\1-projects_2013\0-shift workstation projects\shift-64\shift\shift-64\x64\release\slicerform.obj
e:\1-projects_2013\0-shift workstation projects\shift-64\shift\shift-64\x64\release\voxelhybrid24.obj
e:\1-projects_2013\0-shift workstation projects\shift-64\shift\shift-64\x64\release\voxelhybrid.obj
e:\1-projects_2013\0-shift workstation projects\shift-64\shift\shift-64\x64\release\voxelfan24.obj
e:\1-projects_2013\0-shift workstation projects\shift-64\shift\shift-64\x64\release\voxelfan.obj
e:\1-projects_2013\0-shift workstation projects\shift-64\shift\shift-64\x64\release\voxelaxial24.obj
e:\1-projects_2013\0-shift workstation projects\shift-64\shift\shift-64\x64\release\voxelaxial.obj
e:\1-projects_2013\0-shift workstation projects\shift-64\shift\shift-64\x64\release\voxel24.obj
e:\1-projects_2013\0-shift workstation projects\shift-64\shift\shift-64\x64\release\voxel16.obj
e:\1-projects_2013\0-shift workstation projects\shift-64\shift\shift-64\x64\release\voxel.obj
e:\1-projects_2013\0-shift workstation projects\shift-64\shift\shift-64\x64\release\mainform.obj
e:\1-projects_2013\0-shift workstation projects\shift-64\shift\shift-64\x64\release\.netframework,version=v4.5.assemblyattributes.obj
e:\1-projects_2013\0-shift workstation projects\shift-64\shift\x64\release\shift64.exe
e:\1-projects_2013\0-shift workstation projects\shift-64\shift\x64\release\shift64.pdb
e:\1-projects_2013\0-shift workstation projects\shift-64\shift\shift-64\x64\release\shift64.mainform.resources
e:\1-projects_2013\0-shift workstation projects\shift-64\shift\shift-64\x64\release\shift64.slicerform.resources
e:\1-projects_2013\0-shift workstation projects\shift-64\shift\shift-64\x64\release\shift-64.vcxproj.generateresource.cache
e:\1-projects_2013\0-shift workstation projects\shift-64\shift\shift-64\x64\release\shift64.tlog\cl.command.1.tlog
e:\1-projects_2013\0-shift workstation projects\shift-64\shift\shift-64\x64\release\shift64.tlog\cl.read.1.tlog
e:\1-projects_2013\0-shift workstation projects\shift-64\shift\shift-64\x64\release\shift64.tlog\cl.write.1.tlog
e:\1-projects_2013\0-shift workstation projects\shift-64\shift\shift-64\x64\release\shift64.tlog\link.command.1.tlog
e:\1-projects_2013\0-shift workstation projects\shift-64\shift\shift-64\x64\release\shift64.tlog\link.read.1.tlog
e:\1-projects_2013\0-shift workstation projects\shift-64\shift\shift-64\x64\release\shift64.tlog\link.write.1.tlog
e:\1-projects_2013\0-shift workstation projects\shift-64\shift\shift-64\x64\release\shift64.tlog\metagen.read.1.tlog
e:\1-projects_2013\0-shift workstation projects\shift-64\shift\shift-64\x64\release\shift64.tlog\metagen.write.1.tlog
e:\1-projects_2013\0-shift workstation projects\shift-64\shift\shift-64\x64\release\shift64.tlog\shift64.write.1u.tlog
e:\1-projects_2013\0-shift workstation projects\shift-64\shift\shift-64\x64\release\shift64.tlog\tzres.dll.bi
